<?xml version="1.0" encoding="UTF-8"?>
<coverage generated="1789285784385" clover="3.2.0">
  <project timestamp="1789285784386" name="All files">
    <metrics statements="84" coveredstatements="83" conditionals="46" coveredconditionals="40" methods="39" coveredmethods="37" elements="169" coveredelements="160" complexity="0" loc="84" ncloc="84" packages="2" files="4" classes="4"/>
    <package name="data">
      <metrics statements="56" coveredstatements="55" conditionals="21" coveredconditionals="16" methods="30" coveredmethods="28"/>
      <file name="client.ts" path="/Users/spicydog/Development/OpenLawData/thai-legal-watch/web/src/data/client.ts">
        <metrics statements="42" coveredstatements="41" conditionals="17" coveredconditionals="14" methods="24" coveredmethods="22"/>
        <line num="22" count="4" type="stmt"/>
        <line num="23" count="4" type="stmt"/>
        <line num="24" count="4" type="stmt"/>
        <line num="25" count="4" type="stmt"/>
        <line num="37" count="10" type="stmt"/>
        <line num="40" count="10" type="cond" truecount="2" falsecount="0"/>
        <line num="41" count="10" type="cond" truecount="1" falsecount="1"/>
        <line num="45" count="24" type="stmt"/>
        <line num="46" count="24" type="cond" truecount="2" falsecount="0"/>
        <line num="47" count="19" type="stmt"/>
        <line num="49" count="19" type="cond" truecount="2" falsecount="0"/>
        <line num="50" count="16" type="stmt"/>
        <line num="53" count="3" type="stmt"/>
        <line num="54" count="3" type="cond" truecount="1" falsecount="1"/>
        <line num="56" count="19" type="stmt"/>
        <line num="57" count="19" type="stmt"/>
        <line num="61" count="3" type="stmt"/>
        <line num="62" count="3" type="cond" truecount="2" falsecount="0"/>
        <line num="63" count="2" type="stmt"/>
        <line num="66" count="1" type="stmt"/>
        <line num="69" count="1" type="stmt"/>
        <line num="72" count="4" type="stmt"/>
        <line num="75" count="1" type="stmt"/>
        <line num="78" count="5" type="stmt"/>
        <line num="81" count="1" type="stmt"/>
        <line num="84" count="1" type="stmt"/>
        <line num="87" count="1" type="stmt"/>
        <line num="90" count="1" type="stmt"/>
        <line num="93" count="1" type="stmt"/>
        <line num="96" count="4" type="stmt"/>
        <line num="99" count="0" type="stmt"/>
        <line num="104" count="2" type="stmt"/>
        <line num="105" count="2" type="cond" truecount="1" falsecount="1"/>
        <line num="106" count="2" type="stmt"/>
        <line num="107" count="4" type="stmt"/>
        <line num="108" count="4" type="stmt"/>
        <line num="109" count="4" type="cond" truecount="2" falsecount="0"/>
        <line num="111" count="1" type="stmt"/>
        <line num="115" count="3" type="stmt"/>
        <line num="116" count="3" type="stmt"/>
        <line num="117" count="4" type="stmt"/>
        <line num="124" count="3" type="stmt"/>
      </file>
      <file name="context.ts" path="/Users/spicydog/Development/OpenLawData/thai-legal-watch/web/src/data/context.ts">
        <metrics statements="13" coveredstatements="13" conditionals="4" coveredconditionals="2" methods="6" coveredmethods="6"/>
        <line num="5" count="3" type="stmt"/>
        <line num="6" count="9" type="stmt"/>
        <line num="12" count="9" type="stmt"/>
        <line num="13" count="9" type="stmt"/>
        <line num="14" count="9" type="stmt"/>
        <line num="15" count="3" type="stmt"/>
        <line num="16" count="3" type="stmt"/>
        <line num="17" count="3" type="stmt"/>
        <line num="19" count="2" type="cond" truecount="1" falsecount="1"/>
        <line num="22" count="1" type="cond" truecount="1" falsecount="1"/>
        <line num="25" count="3" type="stmt"/>
        <line num="26" count="1" type="stmt"/>
        <line num="29" count="9" type="stmt"/>
      </file>
      <file name="types.ts" path="/Users/spicydog/Development/OpenLawData/thai-legal-watch/web/src/data/types.ts">
        <metrics statements="1" coveredstatements="1" conditionals="0" coveredconditionals="0" methods="0" coveredmethods="0"/>
        <line num="2" count="4" type="stmt"/>
      </file>
    </package>
    <package name="lib">
      <metrics statements="28" coveredstatements="28" conditionals="25" coveredconditionals="24" methods="9" coveredmethods="9"/>
      <file name="thai.ts" path="/Users/spicydog/Development/OpenLawData/thai-legal-watch/web/src/lib/thai.ts">
        <metrics statements="28" coveredstatements="28" conditionals="25" coveredconditionals="24" methods="9" coveredmethods="9"/>
        <line num="3" count="3" type="stmt"/>
        <line num="17" count="3" type="stmt"/>
        <line num="33" count="6" type="cond" truecount="2" falsecount="0"/>
        <line num="34" count="5" type="stmt"/>
        <line num="35" count="5" type="cond" truecount="2" falsecount="0"/>
        <line num="36" count="4" type="stmt"/>
        <line num="37" count="4" type="stmt"/>
        <line num="38" count="4" type="stmt"/>
        <line num="39" count="4" type="cond" truecount="6" falsecount="0"/>
        <line num="40" count="3" type="stmt"/>
        <line num="45" count="5" type="stmt"/>
        <line num="46" count="5" type="cond" truecount="2" falsecount="0"/>
        <line num="47" count="3" type="cond" truecount="2" falsecount="0"/>
        <line num="48" count="5" type="stmt"/>
        <line num="52" count="1" type="stmt"/>
        <line num="57" count="4" type="cond" truecount="1" falsecount="1"/>
        <line num="61" count="1" type="stmt"/>
        <line num="73" count="3" type="stmt"/>
        <line num="74" count="3" type="cond" truecount="2" falsecount="0"/>
        <line num="75" count="3" type="cond" truecount="2" falsecount="0"/>
        <line num="76" count="3" type="cond" truecount="2" falsecount="0"/>
        <line num="77" count="3" type="stmt"/>
        <line num="82" count="3" type="stmt"/>
        <line num="83" count="3" type="stmt"/>
        <line num="84" count="3" type="cond" truecount="2" falsecount="0"/>
        <line num="89" count="1" type="stmt"/>
        <line num="90" count="1" type="stmt"/>
        <line num="91" count="1" type="stmt"/>
      </file>
    </package>
  </project>
</coverage>
