{"/Users/spicydog/Development/OpenLawData/thai-legal-watch/web/src/data/client.ts": {"path":"/Users/spicydog/Development/OpenLawData/thai-legal-watch/web/src/data/client.ts","statementMap":{"0":{"start":{"line":22,"column":4},"end":{"line":22,"column":null}},"1":{"start":{"line":23,"column":4},"end":{"line":23,"column":null}},"2":{"start":{"line":24,"column":4},"end":{"line":24,"column":null}},"3":{"start":{"line":25,"column":4},"end":{"line":25,"column":null}},"4":{"start":{"line":37,"column":27},"end":{"line":37,"column":null}},"5":{"start":{"line":40,"column":4},"end":{"line":40,"column":null}},"6":{"start":{"line":41,"column":4},"end":{"line":41,"column":null}},"7":{"start":{"line":41,"column":49},"end":{"line":41,"column":null}},"8":{"start":{"line":45,"column":16},"end":{"line":45,"column":null}},"9":{"start":{"line":46,"column":4},"end":{"line":46,"column":null}},"10":{"start":{"line":46,"column":13},"end":{"line":46,"column":null}},"11":{"start":{"line":47,"column":14},"end":{"line":58,"column":null}},"12":{"start":{"line":49,"column":8},"end":{"line":49,"column":null}},"13":{"start":{"line":49,"column":19},"end":{"line":49,"column":null}},"14":{"start":{"line":51,"column":8},"end":{"line":52,"column":null}},"15":{"start":{"line":52,"column":10},"end":{"line":52,"column":null}},"16":{"start":{"line":53,"column":8},"end":{"line":53,"column":null}},"17":{"start":{"line":56,"column":8},"end":{"line":56,"column":null}},"18":{"start":{"line":57,"column":8},"end":{"line":57,"column":null}},"19":{"start":{"line":59,"column":4},"end":{"line":59,"column":null}},"20":{"start":{"line":60,"column":4},"end":{"line":60,"column":null}},"21":{"start":{"line":64,"column":14},"end":{"line":64,"column":null}},"22":{"start":{"line":65,"column":4},"end":{"line":65,"column":null}},"23":{"start":{"line":65,"column":33},"end":{"line":65,"column":null}},"24":{"start":{"line":66,"column":4},"end":{"line":66,"column":null}},"25":{"start":{"line":69,"column":4},"end":{"line":69,"column":null}},"26":{"start":{"line":72,"column":4},"end":{"line":72,"column":null}},"27":{"start":{"line":75,"column":4},"end":{"line":75,"column":null}},"28":{"start":{"line":78,"column":4},"end":{"line":78,"column":null}},"29":{"start":{"line":81,"column":4},"end":{"line":81,"column":null}},"30":{"start":{"line":84,"column":4},"end":{"line":84,"column":null}},"31":{"start":{"line":87,"column":4},"end":{"line":87,"column":null}},"32":{"start":{"line":90,"column":4},"end":{"line":90,"column":null}},"33":{"start":{"line":93,"column":4},"end":{"line":93,"column":null}},"34":{"start":{"line":96,"column":4},"end":{"line":96,"column":null}},"35":{"start":{"line":99,"column":4},"end":{"line":99,"column":null}},"36":{"start":{"line":102,"column":4},"end":{"line":102,"column":null}},"37":{"start":{"line":107,"column":17},"end":{"line":107,"column":null}},"38":{"start":{"line":108,"column":19},"end":{"line":108,"column":null}},"39":{"start":{"line":109,"column":4},"end":{"line":113,"column":null}},"40":{"start":{"line":110,"column":19},"end":{"line":110,"column":null}},"41":{"start":{"line":111,"column":18},"end":{"line":111,"column":null}},"42":{"start":{"line":111,"column":35},"end":{"line":111,"column":46}},"43":{"start":{"line":112,"column":6},"end":{"line":112,"column":null}},"44":{"start":{"line":112,"column":15},"end":{"line":112,"column":null}},"45":{"start":{"line":114,"column":4},"end":{"line":114,"column":null}},"46":{"start":{"line":118,"column":14},"end":{"line":118,"column":null}},"47":{"start":{"line":119,"column":4},"end":{"line":122,"column":null}},"48":{"start":{"line":120,"column":21},"end":{"line":120,"column":39}},"49":{"start":{"line":127,"column":2},"end":{"line":127,"column":null}}},"fnMap":{"0":{"name":"constructor","decl":{"start":{"line":21,"column":2},"end":{"line":21,"column":14}},"loc":{"start":{"line":21,"column":62},"end":{"line":26,"column":null}},"line":21},"1":{"name":"constructor_2","decl":{"start":{"line":39,"column":2},"end":{"line":39,"column":14}},"loc":{"start":{"line":39,"column":40},"end":{"line":42,"column":null}},"line":39},"2":{"name":"(anonymous_2)","decl":{"start":{"line":41,"column":18},"end":{"line":41,"column":33}},"loc":{"start":{"line":41,"column":49},"end":{"line":41,"column":null}},"line":41},"3":{"name":"get","decl":{"start":{"line":44,"column":2},"end":{"line":44,"column":10}},"loc":{"start":{"line":44,"column":43},"end":{"line":61,"column":null}},"line":44},"4":{"name":"(anonymous_4)","decl":{"start":{"line":48,"column":12},"end":{"line":48,"column":19}},"loc":{"start":{"line":48,"column":25},"end":{"line":54,"column":7}},"line":48},"5":{"name":"(anonymous_5)","decl":{"start":{"line":55,"column":7},"end":{"line":55,"column":14}},"loc":{"start":{"line":55,"column":29},"end":{"line":58,"column":7}},"line":55},"6":{"name":"meta","decl":{"start":{"line":63,"column":8},"end":{"line":63,"column":30}},"loc":{"start":{"line":63,"column":30},"end":{"line":67,"column":null}},"line":63},"7":{"name":"taxonomy","decl":{"start":{"line":68,"column":2},"end":{"line":68,"column":32}},"loc":{"start":{"line":68,"column":32},"end":{"line":70,"column":null}},"line":68},"8":{"name":"home","decl":{"start":{"line":71,"column":2},"end":{"line":71,"column":24}},"loc":{"start":{"line":71,"column":24},"end":{"line":73,"column":null}},"line":71},"9":{"name":"years","decl":{"start":{"line":74,"column":2},"end":{"line":74,"column":26}},"loc":{"start":{"line":74,"column":26},"end":{"line":76,"column":null}},"line":74},"10":{"name":"get_bankruptcy","decl":{"start":{"line":77,"column":2},"end":{"line":77,"column":40}},"loc":{"start":{"line":77,"column":40},"end":{"line":79,"column":null}},"line":77},"11":{"name":"topic","decl":{"start":{"line":80,"column":2},"end":{"line":80,"column":8}},"loc":{"start":{"line":80,"column":42},"end":{"line":82,"column":null}},"line":80},"12":{"name":"agency","decl":{"start":{"line":83,"column":2},"end":{"line":83,"column":9}},"loc":{"start":{"line":83,"column":42},"end":{"line":85,"column":null}},"line":83},"13":{"name":"province","decl":{"start":{"line":86,"column":2},"end":{"line":86,"column":11}},"loc":{"start":{"line":86,"column":48},"end":{"line":88,"column":null}},"line":86},"14":{"name":"agencies","decl":{"start":{"line":89,"column":2},"end":{"line":89,"column":41}},"loc":{"start":{"line":89,"column":41},"end":{"line":91,"column":null}},"line":89},"15":{"name":"provinces","decl":{"start":{"line":92,"column":2},"end":{"line":92,"column":44}},"loc":{"start":{"line":92,"column":44},"end":{"line":94,"column":null}},"line":92},"16":{"name":"topics","decl":{"start":{"line":95,"column":2},"end":{"line":95,"column":38}},"loc":{"start":{"line":95,"column":38},"end":{"line":97,"column":null}},"line":95},"17":{"name":"month","decl":{"start":{"line":98,"column":2},"end":{"line":98,"column":8}},"loc":{"start":{"line":98,"column":57},"end":{"line":100,"column":null}},"line":98},"18":{"name":"titles","decl":{"start":{"line":101,"column":2},"end":{"line":101,"column":9}},"loc":{"start":{"line":101,"column":52},"end":{"line":103,"column":null}},"line":101},"19":{"name":"doc","decl":{"start":{"line":106,"column":8},"end":{"line":106,"column":12}},"loc":{"start":{"line":106,"column":93},"end":{"line":115,"column":null}},"line":106},"20":{"name":"(anonymous_20)","decl":{"start":{"line":111,"column":23},"end":{"line":111,"column":29}},"loc":{"start":{"line":111,"column":35},"end":{"line":111,"column":46}},"line":111},"21":{"name":"monthsOf","decl":{"start":{"line":117,"column":8},"end":{"line":117,"column":17}},"loc":{"start":{"line":117,"column":50},"end":{"line":123,"column":null}},"line":117},"22":{"name":"(anonymous_22)","decl":{"start":{"line":120,"column":7},"end":{"line":120,"column":15}},"loc":{"start":{"line":120,"column":21},"end":{"line":120,"column":39}},"line":120},"23":{"name":"docIdOk","decl":{"start":{"line":126,"column":16},"end":{"line":126,"column":24}},"loc":{"start":{"line":126,"column":45},"end":{"line":128,"column":null}},"line":126}},"branchMap":{"0":{"loc":{"start":{"line":39,"column":14},"end":{"line":39,"column":40}},"type":"default-arg","locations":[{"start":{"line":39,"column":36},"end":{"line":39,"column":40}}],"line":39},"1":{"loc":{"start":{"line":40,"column":17},"end":{"line":40,"column":40}},"type":"binary-expr","locations":[{"start":{"line":40,"column":17},"end":{"line":40,"column":33}},{"start":{"line":40,"column":33},"end":{"line":40,"column":40}}],"line":40},"2":{"loc":{"start":{"line":41,"column":13},"end":{"line":41,"column":null}},"type":"binary-expr","locations":[{"start":{"line":41,"column":13},"end":{"line":41,"column":33}},{"start":{"line":41,"column":18},"end":{"line":41,"column":null}}],"line":41},"3":{"loc":{"start":{"line":46,"column":4},"end":{"line":46,"column":null}},"type":"if","locations":[{"start":{"line":46,"column":4},"end":{"line":46,"column":null}},{"start":{},"end":{}}],"line":46},"4":{"loc":{"start":{"line":49,"column":8},"end":{"line":49,"column":null}},"type":"if","locations":[{"start":{"line":49,"column":8},"end":{"line":49,"column":null}},{"start":{},"end":{}}],"line":49},"5":{"loc":{"start":{"line":51,"column":8},"end":{"line":52,"column":null}},"type":"if","locations":[{"start":{"line":51,"column":8},"end":{"line":52,"column":null}},{"start":{},"end":{}}],"line":51},"6":{"loc":{"start":{"line":51,"column":14},"end":{"line":51,"column":49}},"type":"binary-expr","locations":[{"start":{"line":51,"column":14},"end":{"line":51,"column":47}},{"start":{"line":51,"column":47},"end":{"line":51,"column":49}}],"line":51},"7":{"loc":{"start":{"line":57,"column":14},"end":{"line":57,"column":null}},"type":"cond-expr","locations":[{"start":{"line":57,"column":39},"end":{"line":57,"column":43}},{"start":{"line":57,"column":43},"end":{"line":57,"column":null}}],"line":57},"8":{"loc":{"start":{"line":65,"column":4},"end":{"line":65,"column":null}},"type":"if","locations":[{"start":{"line":65,"column":4},"end":{"line":65,"column":null}},{"start":{},"end":{}}],"line":65},"9":{"loc":{"start":{"line":108,"column":19},"end":{"line":108,"column":null}},"type":"cond-expr","locations":[{"start":{"line":108,"column":31},"end":{"line":108,"column":45}},{"start":{"line":108,"column":45},"end":{"line":108,"column":null}}],"line":108},"10":{"loc":{"start":{"line":112,"column":6},"end":{"line":112,"column":null}},"type":"if","locations":[{"start":{"line":112,"column":6},"end":{"line":112,"column":null}},{"start":{},"end":{}}],"line":112},"11":{"loc":{"start":{"line":127,"column":9},"end":{"line":127,"column":null}},"type":"binary-expr","locations":[{"start":{"line":127,"column":9},"end":{"line":127,"column":37}},{"start":{"line":127,"column":37},"end":{"line":127,"column":null}}],"line":127}},"s":{"0":5,"1":5,"2":5,"3":5,"4":11,"5":11,"6":11,"7":0,"8":25,"9":25,"10":5,"11":20,"12":20,"13":3,"14":17,"15":1,"16":16,"17":4,"18":4,"19":20,"20":20,"21":3,"22":3,"23":1,"24":2,"25":1,"26":1,"27":4,"28":1,"29":6,"30":1,"31":1,"32":1,"33":1,"34":1,"35":4,"36":0,"37":2,"38":2,"39":2,"40":4,"41":4,"42":4,"43":4,"44":1,"45":1,"46":3,"47":3,"48":4,"49":4},"f":{"0":5,"1":11,"2":0,"3":25,"4":20,"5":4,"6":3,"7":1,"8":1,"9":4,"10":1,"11":6,"12":1,"13":1,"14":1,"15":1,"16":1,"17":4,"18":0,"19":2,"20":4,"21":3,"22":4,"23":4},"b":{"0":[11],"1":[11,10],"2":[11,0],"3":[5,20],"4":[3,17],"5":[1,16],"6":[17,0],"7":[4,0],"8":[1,2],"9":[0,2],"10":[1,3],"11":[4,3]},"meta":{"lastBranch":12,"lastFunction":24,"lastStatement":50,"seen":{"f:21:2:21:14":0,"s:22:4:22:Infinity":0,"s:23:4:23:Infinity":1,"s:24:4:24:Infinity":2,"s:25:4:25:Infinity":3,"s:37:27:37:Infinity":4,"f:39:2:39:14":1,"b:39:36:39:40":0,"s:40:4:40:Infinity":5,"b:40:17:40:33:40:33:40:40":1,"s:41:4:41:Infinity":6,"b:41:13:41:33:41:18:41:Infinity":2,"f:41:18:41:33":2,"s:41:49:41:Infinity":7,"f:44:2:44:10":3,"s:45:16:45:Infinity":8,"b:46:4:46:Infinity:undefined:undefined:undefined:undefined":3,"s:46:4:46:Infinity":9,"s:46:13:46:Infinity":10,"s:47:14:58:Infinity":11,"f:48:12:48:19":4,"b:49:8:49:Infinity:undefined:undefined:undefined:undefined":4,"s:49:8:49:Infinity":12,"s:49:19:49:Infinity":13,"b:51:8:52:Infinity:undefined:undefined:undefined:undefined":5,"s:51:8:52:Infinity":14,"b:51:14:51:47:51:47:51:49":6,"s:52:10:52:Infinity":15,"s:53:8:53:Infinity":16,"f:55:7:55:14":5,"s:56:8:56:Infinity":17,"s:57:8:57:Infinity":18,"b:57:39:57:43:57:43:57:Infinity":7,"s:59:4:59:Infinity":19,"s:60:4:60:Infinity":20,"f:63:8:63:30":6,"s:64:14:64:Infinity":21,"b:65:4:65:Infinity:undefined:undefined:undefined:undefined":8,"s:65:4:65:Infinity":22,"s:65:33:65:Infinity":23,"s:66:4:66:Infinity":24,"f:68:2:68:32":7,"s:69:4:69:Infinity":25,"f:71:2:71:24":8,"s:72:4:72:Infinity":26,"f:74:2:74:26":9,"s:75:4:75:Infinity":27,"f:77:2:77:40":10,"s:78:4:78:Infinity":28,"f:80:2:80:8":11,"s:81:4:81:Infinity":29,"f:83:2:83:9":12,"s:84:4:84:Infinity":30,"f:86:2:86:11":13,"s:87:4:87:Infinity":31,"f:89:2:89:41":14,"s:90:4:90:Infinity":32,"f:92:2:92:44":15,"s:93:4:93:Infinity":33,"f:95:2:95:38":16,"s:96:4:96:Infinity":34,"f:98:2:98:8":17,"s:99:4:99:Infinity":35,"f:101:2:101:9":18,"s:102:4:102:Infinity":36,"f:106:8:106:12":19,"s:107:17:107:Infinity":37,"s:108:19:108:Infinity":38,"b:108:31:108:45:108:45:108:Infinity":9,"s:109:4:113:Infinity":39,"s:110:19:110:Infinity":40,"s:111:18:111:Infinity":41,"f:111:23:111:29":20,"s:111:35:111:46":42,"b:112:6:112:Infinity:undefined:undefined:undefined:undefined":10,"s:112:6:112:Infinity":43,"s:112:15:112:Infinity":44,"s:114:4:114:Infinity":45,"f:117:8:117:17":21,"s:118:14:118:Infinity":46,"s:119:4:122:Infinity":47,"f:120:7:120:15":22,"s:120:21:120:39":48,"f:126:16:126:24":23,"s:127:2:127:Infinity":49,"b:127:9:127:37:127:37:127:Infinity":11},"fnNames":{}}}
,"/Users/spicydog/Development/OpenLawData/thai-legal-watch/web/src/data/context.ts": {"path":"/Users/spicydog/Development/OpenLawData/thai-legal-watch/web/src/data/context.ts","statementMap":{"0":{"start":{"line":5,"column":29},"end":{"line":5,"column":null}},"1":{"start":{"line":6,"column":13},"end":{"line":6,"column":null}},"2":{"start":{"line":6,"column":31},"end":{"line":6,"column":null}},"3":{"start":{"line":12,"column":12},"end":{"line":12,"column":null}},"4":{"start":{"line":13,"column":13},"end":{"line":13,"column":null}},"5":{"start":{"line":14,"column":2},"end":{"line":28,"column":null}},"6":{"start":{"line":15,"column":15},"end":{"line":15,"column":null}},"7":{"start":{"line":16,"column":4},"end":{"line":16,"column":null}},"8":{"start":{"line":17,"column":4},"end":{"line":24,"column":null}},"9":{"start":{"line":19,"column":8},"end":{"line":19,"column":null}},"10":{"start":{"line":19,"column":18},"end":{"line":19,"column":null}},"11":{"start":{"line":22,"column":8},"end":{"line":22,"column":null}},"12":{"start":{"line":22,"column":18},"end":{"line":22,"column":null}},"13":{"start":{"line":25,"column":4},"end":{"line":27,"column":null}},"14":{"start":{"line":26,"column":6},"end":{"line":26,"column":null}},"15":{"start":{"line":29,"column":2},"end":{"line":29,"column":null}}},"fnMap":{"0":{"name":"(anonymous_0)","decl":{"start":{"line":6,"column":13},"end":{"line":6,"column":31}},"loc":{"start":{"line":6,"column":31},"end":{"line":6,"column":null}},"line":6},"1":{"name":"useLoad","decl":{"start":{"line":11,"column":16},"end":{"line":11,"column":27}},"loc":{"start":{"line":11,"column":92},"end":{"line":30,"column":null}},"line":11},"2":{"name":"(anonymous_2)","decl":{"start":{"line":14,"column":2},"end":{"line":14,"column":18}},"loc":{"start":{"line":14,"column":18},"end":{"line":28,"column":5}},"line":14},"3":{"name":"(anonymous_3)","decl":{"start":{"line":17,"column":12},"end":{"line":17,"column":null}},"loc":{"start":{"line":18,"column":16},"end":{"line":20,"column":null}},"line":18},"4":{"name":"(anonymous_4)","decl":{"start":{"line":20,"column":6},"end":{"line":20,"column":null}},"loc":{"start":{"line":21,"column":26},"end":{"line":23,"column":null}},"line":21},"5":{"name":"(anonymous_5)","decl":{"start":{"line":25,"column":4},"end":{"line":25,"column":17}},"loc":{"start":{"line":25,"column":17},"end":{"line":27,"column":null}},"line":25}},"branchMap":{"0":{"loc":{"start":{"line":19,"column":8},"end":{"line":19,"column":null}},"type":"if","locations":[{"start":{"line":19,"column":8},"end":{"line":19,"column":null}},{"start":{},"end":{}}],"line":19},"1":{"loc":{"start":{"line":22,"column":8},"end":{"line":22,"column":null}},"type":"if","locations":[{"start":{"line":22,"column":8},"end":{"line":22,"column":null}},{"start":{},"end":{}}],"line":22}},"s":{"0":3,"1":3,"2":9,"3":9,"4":9,"5":9,"6":3,"7":3,"8":3,"9":2,"10":2,"11":1,"12":1,"13":3,"14":1,"15":9},"f":{"0":9,"1":9,"2":3,"3":2,"4":1,"5":1},"b":{"0":[2,0],"1":[1,0]},"meta":{"lastBranch":2,"lastFunction":6,"lastStatement":16,"seen":{"s:5:29:5:Infinity":0,"s:6:13:6:Infinity":1,"f:6:13:6:31":0,"s:6:31:6:Infinity":2,"f:11:16:11:27":1,"s:12:12:12:Infinity":3,"s:13:13:13:Infinity":4,"s:14:2:28:Infinity":5,"f:14:2:14:18":2,"s:15:15:15:Infinity":6,"s:16:4:16:Infinity":7,"s:17:4:24:Infinity":8,"f:17:12:17:Infinity":3,"b:19:8:19:Infinity:undefined:undefined:undefined:undefined":0,"s:19:8:19:Infinity":9,"s:19:18:19:Infinity":10,"f:20:6:20:Infinity":4,"b:22:8:22:Infinity:undefined:undefined:undefined:undefined":1,"s:22:8:22:Infinity":11,"s:22:18:22:Infinity":12,"s:25:4:27:Infinity":13,"f:25:4:25:17":5,"s:26:6:26:Infinity":14,"s:29:2:29:Infinity":15},"fnNames":{}}}
,"/Users/spicydog/Development/OpenLawData/thai-legal-watch/web/src/data/types.ts": {"path":"/Users/spicydog/Development/OpenLawData/thai-legal-watch/web/src/data/types.ts","statementMap":{"0":{"start":{"line":2,"column":24},"end":{"line":2,"column":null}}},"fnMap":{},"branchMap":{},"s":{"0":4},"f":{},"b":{},"meta":{"lastBranch":0,"lastFunction":0,"lastStatement":1,"seen":{"s:2:24:2:Infinity":0},"fnNames":{}}}
,"/Users/spicydog/Development/OpenLawData/thai-legal-watch/web/src/lib/thai.ts": {"path":"/Users/spicydog/Development/OpenLawData/thai-legal-watch/web/src/lib/thai.ts","statementMap":{"0":{"start":{"line":3,"column":18},"end":{"line":16,"column":null}},"1":{"start":{"line":17,"column":24},"end":{"line":30,"column":null}},"2":{"start":{"line":33,"column":2},"end":{"line":33,"column":null}},"3":{"start":{"line":33,"column":10},"end":{"line":33,"column":null}},"4":{"start":{"line":34,"column":12},"end":{"line":34,"column":null}},"5":{"start":{"line":35,"column":2},"end":{"line":35,"column":null}},"6":{"start":{"line":35,"column":10},"end":{"line":35,"column":null}},"7":{"start":{"line":36,"column":12},"end":{"line":36,"column":null}},"8":{"start":{"line":37,"column":9},"end":{"line":37,"column":null}},"9":{"start":{"line":38,"column":8},"end":{"line":38,"column":null}},"10":{"start":{"line":39,"column":2},"end":{"line":39,"column":null}},"11":{"start":{"line":39,"column":44},"end":{"line":39,"column":null}},"12":{"start":{"line":40,"column":2},"end":{"line":40,"column":null}},"13":{"start":{"line":45,"column":12},"end":{"line":45,"column":null}},"14":{"start":{"line":46,"column":2},"end":{"line":46,"column":null}},"15":{"start":{"line":46,"column":10},"end":{"line":46,"column":null}},"16":{"start":{"line":47,"column":17},"end":{"line":47,"column":null}},"17":{"start":{"line":48,"column":2},"end":{"line":48,"column":null}},"18":{"start":{"line":52,"column":2},"end":{"line":52,"column":null}},"19":{"start":{"line":57,"column":2},"end":{"line":57,"column":null}},"20":{"start":{"line":57,"column":41},"end":{"line":57,"column":69}},"21":{"start":{"line":61,"column":2},"end":{"line":61,"column":null}},"22":{"start":{"line":73,"column":26},"end":{"line":73,"column":null}},"23":{"start":{"line":74,"column":2},"end":{"line":74,"column":null}},"24":{"start":{"line":74,"column":16},"end":{"line":74,"column":null}},"25":{"start":{"line":75,"column":2},"end":{"line":75,"column":null}},"26":{"start":{"line":75,"column":14},"end":{"line":75,"column":null}},"27":{"start":{"line":76,"column":2},"end":{"line":76,"column":null}},"28":{"start":{"line":76,"column":14},"end":{"line":76,"column":null}},"29":{"start":{"line":77,"column":2},"end":{"line":77,"column":null}},"30":{"start":{"line":82,"column":18},"end":{"line":82,"column":null}},"31":{"start":{"line":83,"column":15},"end":{"line":83,"column":null}},"32":{"start":{"line":84,"column":2},"end":{"line":84,"column":null}},"33":{"start":{"line":89,"column":17},"end":{"line":89,"column":null}},"34":{"start":{"line":90,"column":15},"end":{"line":90,"column":null}},"35":{"start":{"line":91,"column":2},"end":{"line":91,"column":null}}},"fnMap":{"0":{"name":"parseISODate","decl":{"start":{"line":32,"column":16},"end":{"line":32,"column":29}},"loc":{"start":{"line":32,"column":103},"end":{"line":41,"column":null}},"line":32},"1":{"name":"thaiDate","decl":{"start":{"line":44,"column":16},"end":{"line":44,"column":25}},"loc":{"start":{"line":44,"column":95},"end":{"line":49,"column":null}},"line":44},"2":{"name":"beYear","decl":{"start":{"line":51,"column":16},"end":{"line":51,"column":23}},"loc":{"start":{"line":51,"column":59},"end":{"line":53,"column":null}},"line":51},"3":{"name":"thaiDigits","decl":{"start":{"line":56,"column":16},"end":{"line":56,"column":27}},"loc":{"start":{"line":56,"column":55},"end":{"line":58,"column":null}},"line":56},"4":{"name":"(anonymous_4)","decl":{"start":{"line":57,"column":27},"end":{"line":57,"column":35}},"loc":{"start":{"line":57,"column":41},"end":{"line":57,"column":69}},"line":57},"5":{"name":"formatNumber","decl":{"start":{"line":60,"column":16},"end":{"line":60,"column":29}},"loc":{"start":{"line":60,"column":48},"end":{"line":62,"column":null}},"line":60},"6":{"name":"coordinates","decl":{"start":{"line":72,"column":16},"end":{"line":72,"column":28}},"loc":{"start":{"line":72,"column":52},"end":{"line":78,"column":null}},"line":72},"7":{"name":"partLabel","decl":{"start":{"line":81,"column":16},"end":{"line":81,"column":26}},"loc":{"start":{"line":81,"column":48},"end":{"line":85,"column":null}},"line":81},"8":{"name":"citation","decl":{"start":{"line":88,"column":16},"end":{"line":88,"column":25}},"loc":{"start":{"line":88,"column":64},"end":{"line":92,"column":null}},"line":88}},"branchMap":{"0":{"loc":{"start":{"line":33,"column":2},"end":{"line":33,"column":null}},"type":"if","locations":[{"start":{"line":33,"column":2},"end":{"line":33,"column":null}},{"start":{},"end":{}}],"line":33},"1":{"loc":{"start":{"line":35,"column":2},"end":{"line":35,"column":null}},"type":"if","locations":[{"start":{"line":35,"column":2},"end":{"line":35,"column":null}},{"start":{},"end":{}}],"line":35},"2":{"loc":{"start":{"line":39,"column":2},"end":{"line":39,"column":null}},"type":"if","locations":[{"start":{"line":39,"column":2},"end":{"line":39,"column":null}},{"start":{},"end":{}}],"line":39},"3":{"loc":{"start":{"line":39,"column":6},"end":{"line":39,"column":44}},"type":"binary-expr","locations":[{"start":{"line":39,"column":6},"end":{"line":39,"column":16}},{"start":{"line":39,"column":16},"end":{"line":39,"column":27}},{"start":{"line":39,"column":27},"end":{"line":39,"column":36}},{"start":{"line":39,"column":36},"end":{"line":39,"column":44}}],"line":39},"4":{"loc":{"start":{"line":44,"column":55},"end":{"line":44,"column":95}},"type":"default-arg","locations":[{"start":{"line":44,"column":83},"end":{"line":44,"column":95}}],"line":44},"5":{"loc":{"start":{"line":46,"column":2},"end":{"line":46,"column":null}},"type":"if","locations":[{"start":{"line":46,"column":2},"end":{"line":46,"column":null}},{"start":{},"end":{}}],"line":46},"6":{"loc":{"start":{"line":47,"column":17},"end":{"line":47,"column":null}},"type":"cond-expr","locations":[{"start":{"line":47,"column":30},"end":{"line":47,"column":48}},{"start":{"line":47,"column":48},"end":{"line":47,"column":null}}],"line":47},"7":{"loc":{"start":{"line":57,"column":41},"end":{"line":57,"column":69}},"type":"binary-expr","locations":[{"start":{"line":57,"column":41},"end":{"line":57,"column":68}},{"start":{"line":57,"column":68},"end":{"line":57,"column":69}}],"line":57},"8":{"loc":{"start":{"line":74,"column":2},"end":{"line":74,"column":null}},"type":"if","locations":[{"start":{"line":74,"column":2},"end":{"line":74,"column":null}},{"start":{},"end":{}}],"line":74},"9":{"loc":{"start":{"line":75,"column":2},"end":{"line":75,"column":null}},"type":"if","locations":[{"start":{"line":75,"column":2},"end":{"line":75,"column":null}},{"start":{},"end":{}}],"line":75},"10":{"loc":{"start":{"line":76,"column":2},"end":{"line":76,"column":null}},"type":"if","locations":[{"start":{"line":76,"column":2},"end":{"line":76,"column":null}},{"start":{},"end":{}}],"line":76},"11":{"loc":{"start":{"line":84,"column":9},"end":{"line":84,"column":null}},"type":"cond-expr","locations":[{"start":{"line":84,"column":19},"end":{"line":84,"column":40}},{"start":{"line":84,"column":40},"end":{"line":84,"column":null}}],"line":84}},"s":{"0":3,"1":3,"2":6,"3":1,"4":5,"5":5,"6":1,"7":4,"8":4,"9":4,"10":4,"11":1,"12":3,"13":5,"14":5,"15":2,"16":3,"17":5,"18":1,"19":1,"20":4,"21":1,"22":3,"23":3,"24":2,"25":3,"26":1,"27":3,"28":1,"29":3,"30":3,"31":3,"32":3,"33":1,"34":1,"35":1},"f":{"0":6,"1":5,"2":1,"3":1,"4":4,"5":1,"6":3,"7":3,"8":1},"b":{"0":[1,5],"1":[1,4],"2":[1,3],"3":[4,4,3,3],"4":[5],"5":[2,3],"6":[1,2],"7":[4,0],"8":[2,1],"9":[1,2],"10":[1,2],"11":[1,2]},"meta":{"lastBranch":12,"lastFunction":9,"lastStatement":36,"seen":{"s:3:18:16:Infinity":0,"s:17:24:30:Infinity":1,"f:32:16:32:29":0,"b:33:2:33:Infinity:undefined:undefined:undefined:undefined":0,"s:33:2:33:Infinity":2,"s:33:10:33:Infinity":3,"s:34:12:34:Infinity":4,"b:35:2:35:Infinity:undefined:undefined:undefined:undefined":1,"s:35:2:35:Infinity":5,"s:35:10:35:Infinity":6,"s:36:12:36:Infinity":7,"s:37:9:37:Infinity":8,"s:38:8:38:Infinity":9,"b:39:2:39:Infinity:undefined:undefined:undefined:undefined":2,"s:39:2:39:Infinity":10,"b:39:6:39:16:39:16:39:27:39:27:39:36:39:36:39:44":3,"s:39:44:39:Infinity":11,"s:40:2:40:Infinity":12,"f:44:16:44:25":1,"b:44:83:44:95":4,"s:45:12:45:Infinity":13,"b:46:2:46:Infinity:undefined:undefined:undefined:undefined":5,"s:46:2:46:Infinity":14,"s:46:10:46:Infinity":15,"s:47:17:47:Infinity":16,"b:47:30:47:48:47:48:47:Infinity":6,"s:48:2:48:Infinity":17,"f:51:16:51:23":2,"s:52:2:52:Infinity":18,"f:56:16:56:27":3,"s:57:2:57:Infinity":19,"f:57:27:57:35":4,"s:57:41:57:69":20,"b:57:41:57:68:57:68:57:69":7,"f:60:16:60:29":5,"s:61:2:61:Infinity":21,"f:72:16:72:28":6,"s:73:26:73:Infinity":22,"b:74:2:74:Infinity:undefined:undefined:undefined:undefined":8,"s:74:2:74:Infinity":23,"s:74:16:74:Infinity":24,"b:75:2:75:Infinity:undefined:undefined:undefined:undefined":9,"s:75:2:75:Infinity":25,"s:75:14:75:Infinity":26,"b:76:2:76:Infinity:undefined:undefined:undefined:undefined":10,"s:76:2:76:Infinity":27,"s:76:14:76:Infinity":28,"s:77:2:77:Infinity":29,"f:81:16:81:26":7,"s:82:18:82:Infinity":30,"s:83:15:83:Infinity":31,"s:84:2:84:Infinity":32,"b:84:19:84:40:84:40:84:Infinity":11,"f:88:16:88:25":8,"s:89:17:89:Infinity":33,"s:90:15:90:Infinity":34,"s:91:2:91:Infinity":35},"fnNames":{}}}
}
